
================================================================
======== txAdmin Starting - 01/03/2023 11:16:08                 
================================================================

================================================================
======== txAdmin Starting - 01/03/2023 11:18:43                 
================================================================
[11:27:59] txAdmin: Logger started

================================================================
======== txAdmin Starting - 01/03/2023 11:36:10                 
================================================================
[11:36:17] txAdmin: Logger started
[12:37:06] txAdmin: Logger started

================================================================
======== txAdmin Starting - 01/03/2023 12:55:01                 
================================================================
[13:01:54] txAdmin: Logger started

================================================================
======== txAdmin Starting - 01/03/2023 13:10:33                 
================================================================
[13:10:47] txAdmin: Logger started
[13:22:14] [EVkya#1] LewiSamuel: joined with identifiers [license:9a0a187ba09ae03fa7dff434aebccdb7effdb816; live:985155074178277; discord:291348710670204928; fivem:5833670; license2:ff32523df26ad61cc0d2cade2a46cdbbd94f43c5]
[13:27:27] [EVkya#1] LewiSamuel: disconnected ([txAdmin] Server restarting (requested by LewiSamuel).)
[13:27:47] txAdmin: Logger started
[13:28:04] [yYfkm#1] LewiSamuel: joined with identifiers [license:9a0a187ba09ae03fa7dff434aebccdb7effdb816; live:985155074178277; discord:291348710670204928; fivem:5833670; license2:ff32523df26ad61cc0d2cade2a46cdbbd94f43c5]
[13:28:59] [yYfkm#1] LewiSamuel: spawned a vehicle (model: sc1)
[13:38:56] [yYfkm#1] LewiSamuel: said "/e fumar"
[13:39:03] [yYfkm#1] LewiSamuel: said "/e smoke"
[13:40:01] [yYfkm#1] LewiSamuel: said "/tw"
[13:40:05] [yYfkm#1] LewiSamuel: said "/ help"
[13:54:01] [yYfkm#1] LewiSamuel: disconnected (Exiting)
[14:01:40] txAdmin: Logger started
